CRITICAL - 2023-03-14 15:59:29 --> There is no data to update.
in SYSTEMPATH\BaseModel.php on line 1600.
 1 SYSTEMPATH\BaseModel.php(1600): CodeIgniter\Database\Exceptions\DataException::forEmptyDataset('update')
 2 SYSTEMPATH\BaseModel.php(854): CodeIgniter\BaseModel->transformDataToArray(null, 'update')
 3 SYSTEMPATH\Model.php(721): CodeIgniter\BaseModel->update([...], null)
 4 APPPATH\Controllers\MainController.php(65): CodeIgniter\Model->update([...])
 5 SYSTEMPATH\CodeIgniter.php(925): App\Controllers\MainController->updateSave('1')
 6 SYSTEMPATH\CodeIgniter.php(480): CodeIgniter\CodeIgniter->runController(Object(App\Controllers\MainController))
 7 SYSTEMPATH\CodeIgniter.php(349): CodeIgniter\CodeIgniter->handleRequest(null, Object(Config\Cache), false)
 8 FCPATH\index.php(67): CodeIgniter\CodeIgniter->run()
CRITICAL - 2023-03-14 16:03:03 --> There is no data to update.
in SYSTEMPATH\BaseModel.php on line 1600.
 1 SYSTEMPATH\BaseModel.php(1600): CodeIgniter\Database\Exceptions\DataException::forEmptyDataset('update')
 2 SYSTEMPATH\BaseModel.php(854): CodeIgniter\BaseModel->transformDataToArray(null, 'update')
 3 SYSTEMPATH\Model.php(721): CodeIgniter\BaseModel->update([...], null)
 4 APPPATH\Controllers\MainController.php(65): CodeIgniter\Model->update([...])
 5 SYSTEMPATH\CodeIgniter.php(925): App\Controllers\MainController->updateSave('2')
 6 SYSTEMPATH\CodeIgniter.php(480): CodeIgniter\CodeIgniter->runController(Object(App\Controllers\MainController))
 7 SYSTEMPATH\CodeIgniter.php(349): CodeIgniter\CodeIgniter->handleRequest(null, Object(Config\Cache), false)
 8 FCPATH\index.php(67): CodeIgniter\CodeIgniter->run()
CRITICAL - 2023-03-14 16:06:02 --> There is no data to update.
in SYSTEMPATH\BaseModel.php on line 1600.
 1 SYSTEMPATH\BaseModel.php(1600): CodeIgniter\Database\Exceptions\DataException::forEmptyDataset('update')
 2 SYSTEMPATH\BaseModel.php(854): CodeIgniter\BaseModel->transformDataToArray(null, 'update')
 3 SYSTEMPATH\Model.php(721): CodeIgniter\BaseModel->update([...], null)
 4 APPPATH\Controllers\MainController.php(65): CodeIgniter\Model->update([...])
 5 SYSTEMPATH\CodeIgniter.php(925): App\Controllers\MainController->updateSave('2')
 6 SYSTEMPATH\CodeIgniter.php(480): CodeIgniter\CodeIgniter->runController(Object(App\Controllers\MainController))
 7 SYSTEMPATH\CodeIgniter.php(349): CodeIgniter\CodeIgniter->handleRequest(null, Object(Config\Cache), false)
 8 FCPATH\index.php(67): CodeIgniter\CodeIgniter->run()
CRITICAL - 2023-03-14 16:15:54 --> There is no data to update.
in SYSTEMPATH\BaseModel.php on line 1600.
 1 SYSTEMPATH\BaseModel.php(1600): CodeIgniter\Database\Exceptions\DataException::forEmptyDataset('update')
 2 SYSTEMPATH\BaseModel.php(854): CodeIgniter\BaseModel->transformDataToArray(null, 'update')
 3 SYSTEMPATH\Model.php(721): CodeIgniter\BaseModel->update([...], null)
 4 APPPATH\Controllers\MainController.php(67): CodeIgniter\Model->update([...])
 5 SYSTEMPATH\CodeIgniter.php(925): App\Controllers\MainController->updateSave('1')
 6 SYSTEMPATH\CodeIgniter.php(480): CodeIgniter\CodeIgniter->runController(Object(App\Controllers\MainController))
 7 SYSTEMPATH\CodeIgniter.php(349): CodeIgniter\CodeIgniter->handleRequest(null, Object(Config\Cache), false)
 8 FCPATH\index.php(67): CodeIgniter\CodeIgniter->run()
CRITICAL - 2023-03-14 16:16:23 --> There is no data to update.
in SYSTEMPATH\BaseModel.php on line 1600.
 1 SYSTEMPATH\BaseModel.php(1600): CodeIgniter\Database\Exceptions\DataException::forEmptyDataset('update')
 2 SYSTEMPATH\BaseModel.php(854): CodeIgniter\BaseModel->transformDataToArray(null, 'update')
 3 SYSTEMPATH\Model.php(721): CodeIgniter\BaseModel->update([...], null)
 4 APPPATH\Controllers\MainController.php(67): CodeIgniter\Model->update([...])
 5 SYSTEMPATH\CodeIgniter.php(925): App\Controllers\MainController->updateSave('1')
 6 SYSTEMPATH\CodeIgniter.php(480): CodeIgniter\CodeIgniter->runController(Object(App\Controllers\MainController))
 7 SYSTEMPATH\CodeIgniter.php(349): CodeIgniter\CodeIgniter->handleRequest(null, Object(Config\Cache), false)
 8 FCPATH\index.php(67): CodeIgniter\CodeIgniter->run()
CRITICAL - 2023-03-14 16:18:44 --> There is no data to update.
in SYSTEMPATH\BaseModel.php on line 1600.
 1 SYSTEMPATH\BaseModel.php(1600): CodeIgniter\Database\Exceptions\DataException::forEmptyDataset('update')
 2 SYSTEMPATH\BaseModel.php(854): CodeIgniter\BaseModel->transformDataToArray(null, 'update')
 3 SYSTEMPATH\Model.php(721): CodeIgniter\BaseModel->update([...], null)
 4 APPPATH\Controllers\MainController.php(67): CodeIgniter\Model->update([...])
 5 SYSTEMPATH\CodeIgniter.php(925): App\Controllers\MainController->updateSave('1')
 6 SYSTEMPATH\CodeIgniter.php(480): CodeIgniter\CodeIgniter->runController(Object(App\Controllers\MainController))
 7 SYSTEMPATH\CodeIgniter.php(349): CodeIgniter\CodeIgniter->handleRequest(null, Object(Config\Cache), false)
 8 FCPATH\index.php(67): CodeIgniter\CodeIgniter->run()
CRITICAL - 2023-03-14 16:18:50 --> There is no data to update.
in SYSTEMPATH\BaseModel.php on line 1600.
 1 SYSTEMPATH\BaseModel.php(1600): CodeIgniter\Database\Exceptions\DataException::forEmptyDataset('update')
 2 SYSTEMPATH\BaseModel.php(854): CodeIgniter\BaseModel->transformDataToArray(null, 'update')
 3 SYSTEMPATH\Model.php(721): CodeIgniter\BaseModel->update([...], null)
 4 APPPATH\Controllers\MainController.php(67): CodeIgniter\Model->update([...])
 5 SYSTEMPATH\CodeIgniter.php(925): App\Controllers\MainController->updateSave('1')
 6 SYSTEMPATH\CodeIgniter.php(480): CodeIgniter\CodeIgniter->runController(Object(App\Controllers\MainController))
 7 SYSTEMPATH\CodeIgniter.php(349): CodeIgniter\CodeIgniter->handleRequest(null, Object(Config\Cache), false)
 8 FCPATH\index.php(67): CodeIgniter\CodeIgniter->run()
CRITICAL - 2023-03-14 16:28:06 --> There is no data to update.
in SYSTEMPATH\BaseModel.php on line 1600.
 1 SYSTEMPATH\BaseModel.php(1600): CodeIgniter\Database\Exceptions\DataException::forEmptyDataset('update')
 2 SYSTEMPATH\BaseModel.php(854): CodeIgniter\BaseModel->transformDataToArray(null, 'update')
 3 SYSTEMPATH\Model.php(721): CodeIgniter\BaseModel->update([...], null)
 4 APPPATH\Controllers\MainController.php(68): CodeIgniter\Model->update([...])
 5 SYSTEMPATH\CodeIgniter.php(925): App\Controllers\MainController->updateSave()
 6 SYSTEMPATH\CodeIgniter.php(480): CodeIgniter\CodeIgniter->runController(Object(App\Controllers\MainController))
 7 SYSTEMPATH\CodeIgniter.php(349): CodeIgniter\CodeIgniter->handleRequest(null, Object(Config\Cache), false)
 8 FCPATH\index.php(67): CodeIgniter\CodeIgniter->run()
CRITICAL - 2023-03-14 16:30:04 --> There is no data to update.
in SYSTEMPATH\BaseModel.php on line 1600.
 1 SYSTEMPATH\BaseModel.php(1600): CodeIgniter\Database\Exceptions\DataException::forEmptyDataset('update')
 2 SYSTEMPATH\BaseModel.php(854): CodeIgniter\BaseModel->transformDataToArray(null, 'update')
 3 SYSTEMPATH\Model.php(721): CodeIgniter\BaseModel->update([...], null)
 4 APPPATH\Controllers\MainController.php(68): CodeIgniter\Model->update([...])
 5 SYSTEMPATH\CodeIgniter.php(925): App\Controllers\MainController->updateSave()
 6 SYSTEMPATH\CodeIgniter.php(480): CodeIgniter\CodeIgniter->runController(Object(App\Controllers\MainController))
 7 SYSTEMPATH\CodeIgniter.php(349): CodeIgniter\CodeIgniter->handleRequest(null, Object(Config\Cache), false)
 8 FCPATH\index.php(67): CodeIgniter\CodeIgniter->run()
CRITICAL - 2023-03-14 16:31:34 --> There is no data to update.
in SYSTEMPATH\BaseModel.php on line 1600.
 1 SYSTEMPATH\BaseModel.php(1600): CodeIgniter\Database\Exceptions\DataException::forEmptyDataset('update')
 2 SYSTEMPATH\BaseModel.php(854): CodeIgniter\BaseModel->transformDataToArray(null, 'update')
 3 SYSTEMPATH\Model.php(721): CodeIgniter\BaseModel->update([...], null)
 4 APPPATH\Controllers\MainController.php(68): CodeIgniter\Model->update([...])
 5 SYSTEMPATH\CodeIgniter.php(925): App\Controllers\MainController->updateSave()
 6 SYSTEMPATH\CodeIgniter.php(480): CodeIgniter\CodeIgniter->runController(Object(App\Controllers\MainController))
 7 SYSTEMPATH\CodeIgniter.php(349): CodeIgniter\CodeIgniter->handleRequest(null, Object(Config\Cache), false)
 8 FCPATH\index.php(67): CodeIgniter\CodeIgniter->run()
CRITICAL - 2023-03-14 16:31:43 --> There is no data to update.
in SYSTEMPATH\BaseModel.php on line 1600.
 1 SYSTEMPATH\BaseModel.php(1600): CodeIgniter\Database\Exceptions\DataException::forEmptyDataset('update')
 2 SYSTEMPATH\BaseModel.php(854): CodeIgniter\BaseModel->transformDataToArray(null, 'update')
 3 SYSTEMPATH\Model.php(721): CodeIgniter\BaseModel->update([...], null)
 4 APPPATH\Controllers\MainController.php(68): CodeIgniter\Model->update([...])
 5 SYSTEMPATH\CodeIgniter.php(925): App\Controllers\MainController->updateSave()
 6 SYSTEMPATH\CodeIgniter.php(480): CodeIgniter\CodeIgniter->runController(Object(App\Controllers\MainController))
 7 SYSTEMPATH\CodeIgniter.php(349): CodeIgniter\CodeIgniter->handleRequest(null, Object(Config\Cache), false)
 8 FCPATH\index.php(67): CodeIgniter\CodeIgniter->run()
CRITICAL - 2023-03-14 17:14:43 --> There is no data to update.
in SYSTEMPATH\BaseModel.php on line 1600.
 1 SYSTEMPATH\BaseModel.php(1600): CodeIgniter\Database\Exceptions\DataException::forEmptyDataset('update')
 2 SYSTEMPATH\BaseModel.php(854): CodeIgniter\BaseModel->transformDataToArray(null, 'update')
 3 SYSTEMPATH\Model.php(721): CodeIgniter\BaseModel->update([...], null)
 4 APPPATH\Controllers\MainController.php(68): CodeIgniter\Model->update([...])
 5 SYSTEMPATH\CodeIgniter.php(925): App\Controllers\MainController->updateSave()
 6 SYSTEMPATH\CodeIgniter.php(480): CodeIgniter\CodeIgniter->runController(Object(App\Controllers\MainController))
 7 SYSTEMPATH\CodeIgniter.php(349): CodeIgniter\CodeIgniter->handleRequest(null, Object(Config\Cache), false)
 8 FCPATH\index.php(67): CodeIgniter\CodeIgniter->run()
CRITICAL - 2023-03-14 17:14:52 --> There is no data to update.
in SYSTEMPATH\BaseModel.php on line 1600.
 1 SYSTEMPATH\BaseModel.php(1600): CodeIgniter\Database\Exceptions\DataException::forEmptyDataset('update')
 2 SYSTEMPATH\BaseModel.php(854): CodeIgniter\BaseModel->transformDataToArray(null, 'update')
 3 SYSTEMPATH\Model.php(721): CodeIgniter\BaseModel->update([...], null)
 4 APPPATH\Controllers\MainController.php(68): CodeIgniter\Model->update([...])
 5 SYSTEMPATH\CodeIgniter.php(925): App\Controllers\MainController->updateSave()
 6 SYSTEMPATH\CodeIgniter.php(480): CodeIgniter\CodeIgniter->runController(Object(App\Controllers\MainController))
 7 SYSTEMPATH\CodeIgniter.php(349): CodeIgniter\CodeIgniter->handleRequest(null, Object(Config\Cache), false)
 8 FCPATH\index.php(67): CodeIgniter\CodeIgniter->run()
